<?xml version="1.0" encoding="UTF-8"?>
<coverage generated="1670770403320" clover="3.2.0">
  <project timestamp="1670770403320" name="All files">
    <metrics statements="14" coveredstatements="12" conditionals="4" coveredconditionals="4" methods="4" coveredmethods="3" elements="22" coveredelements="19" complexity="0" loc="14" ncloc="14" packages="1" files="1" classes="1"/>
    <file name="FuncProdutos.tsx" path="/home/vinicius/Documents/UFMG/Teste Software/app_lista_compras/imports/api/FuncProdutos.tsx">
      <metrics statements="14" coveredstatements="12" conditionals="4" coveredconditionals="4" methods="4" coveredmethods="3"/>
      <line num="1" count="1" type="stmt"/>
      <line num="2" count="3" type="cond" truecount="2" falsecount="0"/>
      <line num="3" count="1" type="stmt"/>
      <line num="5" count="2" type="stmt"/>
      <line num="8" count="1" type="stmt"/>
      <line num="9" count="3" type="cond" truecount="2" falsecount="0"/>
      <line num="10" count="1" type="stmt"/>
      <line num="12" count="2" type="stmt"/>
      <line num="15" count="1" type="stmt"/>
      <line num="16" count="12" type="stmt"/>
      <line num="17" count="12" type="stmt"/>
      <line num="20" count="1" type="stmt"/>
      <line num="21" count="0" type="stmt"/>
      <line num="22" count="0" type="stmt"/>
    </file>
  </project>
</coverage>
