{"/home/vinicius/Documents/UFMG/Teste Software/app_lista_compras/imports/api/FuncProdutos.tsx": {"path":"/home/vinicius/Documents/UFMG/Teste Software/app_lista_compras/imports/api/FuncProdutos.tsx","statementMap":{"0":{"start":{"line":1,"column":32},"end":{"line":6,"column":1}},"1":{"start":{"line":2,"column":4},"end":{"line":5,"column":14}},"2":{"start":{"line":3,"column":6},"end":{"line":3,"column":65}},"3":{"start":{"line":5,"column":6},"end":{"line":5,"column":14}},"4":{"start":{"line":8,"column":30},"end":{"line":13,"column":1}},"5":{"start":{"line":9,"column":2},"end":{"line":12,"column":12}},"6":{"start":{"line":10,"column":4},"end":{"line":10,"column":56}},"7":{"start":{"line":12,"column":4},"end":{"line":12,"column":12}},"8":{"start":{"line":15,"column":31},"end":{"line":18,"column":1}},"9":{"start":{"line":16,"column":13},"end":{"line":16,"column":25}},"10":{"start":{"line":17,"column":4},"end":{"line":17,"column":33}},"11":{"start":{"line":20,"column":33},"end":{"line":23,"column":1}},"12":{"start":{"line":21,"column":11},"end":{"line":21,"column":23}},"13":{"start":{"line":22,"column":2},"end":{"line":22,"column":36}}},"fnMap":{"0":{"name":"(anonymous_0)","decl":{"start":{"line":1,"column":32},"end":{"line":1,"column":33}},"loc":{"start":{"line":1,"column":48},"end":{"line":6,"column":1}},"line":1},"1":{"name":"(anonymous_1)","decl":{"start":{"line":8,"column":30},"end":{"line":8,"column":31}},"loc":{"start":{"line":8,"column":41},"end":{"line":13,"column":1}},"line":8},"2":{"name":"(anonymous_2)","decl":{"start":{"line":15,"column":31},"end":{"line":15,"column":32}},"loc":{"start":{"line":15,"column":48},"end":{"line":18,"column":1}},"line":15},"3":{"name":"(anonymous_3)","decl":{"start":{"line":20,"column":33},"end":{"line":20,"column":34}},"loc":{"start":{"line":20,"column":55},"end":{"line":23,"column":1}},"line":20}},"branchMap":{"0":{"loc":{"start":{"line":2,"column":4},"end":{"line":5,"column":14}},"type":"if","locations":[{"start":{"line":2,"column":4},"end":{"line":5,"column":14}},{"start":{"line":5,"column":6},"end":{"line":5,"column":14}}],"line":2},"1":{"loc":{"start":{"line":9,"column":2},"end":{"line":12,"column":12}},"type":"if","locations":[{"start":{"line":9,"column":2},"end":{"line":12,"column":12}},{"start":{"line":12,"column":4},"end":{"line":12,"column":12}}],"line":9}},"s":{"0":1,"1":3,"2":1,"3":2,"4":1,"5":3,"6":1,"7":2,"8":1,"9":12,"10":12,"11":1,"12":0,"13":0},"f":{"0":3,"1":3,"2":12,"3":0},"b":{"0":[1,2],"1":[1,2]},"_coverageSchema":"1a1c01bbd47fc00a2c39e90264f33305004495a9","hash":"294f985c10672be2e5203e0a811cce4a67f69aed"}
}
